22:29:23 INFO  eu.bigan.fed.poc.Main - Comienza el coordinador.
22:29:23 INFO  eu.bigan.fed.edelivery.jms.SessionBuilder - La sesión se ha creado correctamente.
22:29:23 INFO  eu.bigan.fed.edelivery.jms.ConsumerBuilder - El consumer se ha creado correctamente.
22:29:23 INFO  eu.bigan.fed.edelivery.jms.SenderBuilder - Se ha creado el producer correctamente.
22:29:23 INFO  eu.bigan.fed.edelivery.utils.YamlReader - Lectura del yaml correcta.
22:29:23 INFO  eu.bigan.fed.edelivery.message.MessageRegistry - Mensaje añadido correctamente
22:29:23 INFO  eu.bigan.fed.edelivery.utils.JsonGenerator - Json generado correctamente.
22:29:23 INFO  eu.bigan.fed.edelivery.message.MessageRegistry - Mensaje añadido correctamente
22:29:23 INFO  eu.bigan.fed.edelivery.utils.JsonGenerator - Json generado correctamente.
22:29:23 INFO  eu.bigan.fed.edelivery.message.MessageRegistry - Mensaje añadido correctamente
22:29:23 INFO  eu.bigan.fed.edelivery.utils.JsonGenerator - Json generado correctamente.
22:29:23 INFO  eu.bigan.fed.edelivery.message.MessageRegistry - Mensaje añadido correctamente
22:29:23 INFO  eu.bigan.fed.edelivery.utils.JsonGenerator - Json generado correctamente.
22:29:23 INFO  eu.bigan.fed.edelivery.Sender - El envío se ha realizado correctamente.
22:29:23 INFO  eu.bigan.fed.edelivery.Sender - El envío se ha realizado correctamente.
22:29:23 INFO  eu.bigan.fed.edelivery.Sender - El envío se ha realizado correctamente.
22:29:23 INFO  eu.bigan.fed.edelivery.Sender - El envío se ha realizado correctamente.
22:29:29 INFO  eu.bigan.fed.edelivery.jms.MessageBroker - Recibo correctamente el mensaje en el onMessage.
22:29:29 INFO  eu.bigan.fed.edelivery.jms.MessageBroker - El mensaje ha sido encontrado en la lista de mensajes.
22:29:29 INFO  eu.bigan.fed.edelivery.ops.SaveToFiles - Estoy dentro de la función de callback asignada 'saveToFiles'
22:29:29 INFO  eu.bigan.fed.edelivery.ops.SaveToFiles - Archivo guardado correctamente.
22:29:30 INFO  eu.bigan.fed.edelivery.jms.MessageBroker - Recibo correctamente el mensaje en el onMessage.
22:29:30 INFO  eu.bigan.fed.edelivery.jms.MessageBroker - El mensaje ha sido encontrado en la lista de mensajes.
22:29:30 INFO  eu.bigan.fed.edelivery.ops.SaveToFiles - Estoy dentro de la función de callback asignada 'saveToFiles'
22:29:30 INFO  eu.bigan.fed.edelivery.ops.SaveToFiles - Archivo guardado correctamente.
22:29:35 INFO  eu.bigan.fed.edelivery.jms.MessageBroker - Recibo correctamente el mensaje en el onMessage.
22:29:35 INFO  eu.bigan.fed.edelivery.jms.MessageBroker - El mensaje ha sido encontrado en la lista de mensajes.
22:29:35 INFO  eu.bigan.fed.edelivery.ops.SaveToFiles - Estoy dentro de la función de callback asignada 'saveToFiles'
22:29:35 INFO  eu.bigan.fed.edelivery.ops.SaveToFiles - Archivo guardado correctamente.
22:29:35 INFO  eu.bigan.fed.edelivery.jms.MessageBroker - Recibo correctamente el mensaje en el onMessage.
22:29:35 INFO  eu.bigan.fed.edelivery.jms.MessageBroker - El mensaje ha sido encontrado en la lista de mensajes.
22:29:35 INFO  eu.bigan.fed.edelivery.ops.SaveToFiles - Estoy dentro de la función de callback asignada 'saveToFiles'
22:29:35 INFO  eu.bigan.fed.edelivery.ops.SaveToFiles - Archivo guardado correctamente.
